








Runtime is Sun Nov 14 19:43:11 2021

[start] fstate->ssd_path is /home/student/mnt/ssd/
fstate->fuse_path is /home/student/mnt/fuse/
fstate->hostname is localhost:8888
fstate->ssd_size is 1073741824
fstate->thresholdis 16384
fstate->avg_seg_size is 4096
fstate->min_seg_size is 3072
fstate->max_seg_size is 6144
fstate->cache_size is 0
fstate->no_dedup is 0
fstate->rabin_window_size is 48
[mydedup_init]:
[cloudfs_opendir]:	 pathname: /
[get_path_s]	 pathname is /
[mydedup_getattr]:	 pathname: /big_test
[get_path_s]	 pathname is /big_test
[cloudfs_mkdir]:	 pathname: /big_test
[get_path_s]	 pathname is /big_test
[mkdir] path_s is /home/student/mnt/ssd/big_test
[mydedup_getattr]:	 pathname: /big_test
[get_path_s]	 pathname is /big_test
[get_loc]: 	/home/student/mnt/ssd/big_test loc is 0
[mydedup_getattr]:	file /big_test have size: 4096
[mydedup_getattr]:	 pathname: /big_test
[get_path_s]	 pathname is /big_test
[get_loc]: 	/home/student/mnt/ssd/big_test loc is 0
[mydedup_getattr]:	file /big_test have size: 4096
[mydedup_getattr]:	 pathname: /big_test
[get_path_s]	 pathname is /big_test
[get_loc]: 	/home/student/mnt/ssd/big_test loc is 0
[mydedup_getattr]:	file /big_test have size: 4096
[mydedup_getattr]:	 pathname: /big_test
[get_path_s]	 pathname is /big_test
[get_loc]: 	/home/student/mnt/ssd/big_test loc is 0
[mydedup_getattr]:	file /big_test have size: 4096
[mydedup_getattr]:	 pathname: /big_test
[get_path_s]	 pathname is /big_test
[get_loc]: 	/home/student/mnt/ssd/big_test loc is 0
[mydedup_getattr]:	file /big_test have size: 4096
[mydedup_getattr]:	 pathname: /big_test
[get_path_s]	 pathname is /big_test
[get_loc]: 	/home/student/mnt/ssd/big_test loc is 0
[mydedup_getattr]:	file /big_test have size: 4096
[mydedup_getattr]:	 pathname: /big_test
[get_path_s]	 pathname is /big_test
[get_loc]: 	/home/student/mnt/ssd/big_test loc is 0
[mydedup_getattr]:	file /big_test have size: 4096
[mydedup_getattr]:	 pathname: /big_test
[get_path_s]	 pathname is /big_test
[get_loc]: 	/home/student/mnt/ssd/big_test loc is 0
[mydedup_getattr]:	file /big_test have size: 4096
[mydedup_getattr]:	 pathname: /big_test
[get_path_s]	 pathname is /big_test
[get_loc]: 	/home/student/mnt/ssd/big_test loc is 0
[mydedup_getattr]:	file /big_test have size: 4096
[mydedup_getattr]:	 pathname: /big_test
[get_path_s]	 pathname is /big_test
[get_loc]: 	/home/student/mnt/ssd/big_test loc is 0
[mydedup_getattr]:	file /big_test have size: 4096
[mydedup_getattr]:	 pathname: /big_test
[get_path_s]	 pathname is /big_test
[get_loc]: 	/home/student/mnt/ssd/big_test loc is 0
[mydedup_getattr]:	file /big_test have size: 4096
[mydedup_getattr]:	 pathname: /big_test
[get_path_s]	 pathname is /big_test
[get_loc]: 	/home/student/mnt/ssd/big_test loc is 0
[mydedup_getattr]:	file /big_test have size: 4096
[mydedup_getattr]:	 pathname: /big_test
[get_path_s]	 pathname is /big_test
[get_loc]: 	/home/student/mnt/ssd/big_test loc is 0
[mydedup_getattr]:	file /big_test have size: 4096
[mydedup_getattr]:	 pathname: /big_test
[get_path_s]	 pathname is /big_test
[get_loc]: 	/home/student/mnt/ssd/big_test loc is 0
[mydedup_getattr]:	file /big_test have size: 4096
[mydedup_getattr]:	 pathname: /big_test
[get_path_s]	 pathname is /big_test
[get_loc]: 	/home/student/mnt/ssd/big_test loc is 0
[mydedup_getattr]:	file /big_test have size: 4096









Runtime is Sun Nov 14 19:43:48 2021

[start] fstate->ssd_path is /home/student/mnt/ssd/
fstate->fuse_path is /home/student/mnt/fuse/
fstate->hostname is localhost:8888
fstate->ssd_size is 1073741824
fstate->thresholdis 16384
fstate->avg_seg_size is 4096
fstate->min_seg_size is 3072
fstate->max_seg_size is 6144
fstate->cache_size is 0
fstate->no_dedup is 0
fstate->rabin_window_size is 48
[mydedup_init]:
[cloudfs_opendir]:	 pathname: /
[get_path_s]	 pathname is /
[mydedup_getattr]:	 pathname: /big_test
[get_path_s]	 pathname is /big_test
[cloudfs_mkdir]:	 pathname: /big_test
[get_path_s]	 pathname is /big_test
[mkdir] path_s is /home/student/mnt/ssd/big_test
[mydedup_getattr]:	 pathname: /big_test
[get_path_s]	 pathname is /big_test
[get_loc]: 	/home/student/mnt/ssd/big_test loc is 0
[mydedup_getattr]:	file /big_test have size: 4096
[mydedup_getattr]:	 pathname: /big_test
[get_path_s]	 pathname is /big_test
[get_loc]: 	/home/student/mnt/ssd/big_test loc is 0
[mydedup_getattr]:	file /big_test have size: 4096
[mydedup_getattr]:	 pathname: /big_test
[get_path_s]	 pathname is /big_test
[get_loc]: 	/home/student/mnt/ssd/big_test loc is 0
[mydedup_getattr]:	file /big_test have size: 4096
[mydedup_getattr]:	 pathname: /big_test
[get_path_s]	 pathname is /big_test
[get_loc]: 	/home/student/mnt/ssd/big_test loc is 0
[mydedup_getattr]:	file /big_test have size: 4096
[mydedup_getattr]:	 pathname: /big_test
[get_path_s]	 pathname is /big_test
[get_loc]: 	/home/student/mnt/ssd/big_test loc is 0
[mydedup_getattr]:	file /big_test have size: 4096
[mydedup_getattr]:	 pathname: /big_test
[get_path_s]	 pathname is /big_test
[get_loc]: 	/home/student/mnt/ssd/big_test loc is 0
[mydedup_getattr]:	file /big_test have size: 4096
[mydedup_getattr]:	 pathname: /big_test
[get_path_s]	 pathname is /big_test
[get_loc]: 	/home/student/mnt/ssd/big_test loc is 0
[mydedup_getattr]:	file /big_test have size: 4096
[mydedup_getattr]:	 pathname: /big_test
[get_path_s]	 pathname is /big_test
[get_loc]: 	/home/student/mnt/ssd/big_test loc is 0
[mydedup_getattr]:	file /big_test have size: 4096
[mydedup_getattr]:	 pathname: /big_test
[get_path_s]	 pathname is /big_test
[get_loc]: 	/home/student/mnt/ssd/big_test loc is 0
[mydedup_getattr]:	file /big_test have size: 4096
[mydedup_getattr]:	 pathname: /big_test
[get_path_s]	 pathname is /big_test
[get_loc]: 	/home/student/mnt/ssd/big_test loc is 0
[mydedup_getattr]:	file /big_test have size: 4096
[mydedup_getattr]:	 pathname: /big_test
[get_path_s]	 pathname is /big_test
[get_loc]: 	/home/student/mnt/ssd/big_test loc is 0
[mydedup_getattr]:	file /big_test have size: 4096
[mydedup_getattr]:	 pathname: /big_test
[get_path_s]	 pathname is /big_test
[get_loc]: 	/home/student/mnt/ssd/big_test loc is 0
[mydedup_getattr]:	file /big_test have size: 4096
[mydedup_getattr]:	 pathname: /big_test
[get_path_s]	 pathname is /big_test
[get_loc]: 	/home/student/mnt/ssd/big_test loc is 0
[mydedup_getattr]:	file /big_test have size: 4096
[mydedup_getattr]:	 pathname: /big_test
[get_path_s]	 pathname is /big_test
[get_loc]: 	/home/student/mnt/ssd/big_test loc is 0
[mydedup_getattr]:	file /big_test have size: 4096
[mydedup_getattr]:	 pathname: /big_test
[get_path_s]	 pathname is /big_test
[get_loc]: 	/home/student/mnt/ssd/big_test loc is 0
[mydedup_getattr]:	file /big_test have size: 4096
