








Runtime is Sun Nov 14 19:50:22 2021

[start] fstate->ssd_path is /home/student/mnt/ssd/
fstate->fuse_path is /home/student/mnt/fuse/
fstate->hostname is localhost:8888
fstate->ssd_size is 1073741824
fstate->thresholdis 16384
fstate->avg_seg_size is 4096
fstate->min_seg_size is 3072
fstate->max_seg_size is 6144
fstate->cache_size is 0
fstate->no_dedup is 0
fstate->rabin_window_size is 48
[mydedup_init]:
[cloudfs_opendir]:	 pathname: /
[get_path_s]	 pathname is /
[cloudfs_getattr_node]:	 pathname: /big_test
[get_path_s]	 pathname is /big_test
[cloudfs_mkdir]:	 pathname: /big_test
[get_path_s]	 pathname is /big_test
[mkdir] path_s is /home/student/mnt/ssd/big_test
[cloudfs_getattr_node]:	 pathname: /big_test
[get_path_s]	 pathname is /big_test
[get_loc]: 	/home/student/mnt/ssd/big_test loc is 0
[cloudfs_getattr_node]:	file /big_test have size: 4096
[cloudfs_getattr_node]:	 pathname: /big_test/c
[get_path_s]	 pathname is /big_test/c
[cloudfs_mkdir]:	 pathname: /big_test/c
[get_path_s]	 pathname is /big_test/c
[mkdir] path_s is /home/student/mnt/ssd/big_test/c
[cloudfs_getattr_node]:	 pathname: /big_test/c
[get_path_s]	 pathname is /big_test/c
[get_loc]: 	/home/student/mnt/ssd/big_test/c loc is 0
[cloudfs_getattr_node]:	file /big_test/c have size: 4096
[cloudfs_getattr_node]:	 pathname: /big_test/c/big5
[get_path_s]	 pathname is /big_test/c/big5
[cloudfs_mknod]:	 pathname: /big_test/c/big5
[get_path_s]	 pathname is /big_test/c/big5
[set_loc]: 	set loc of /home/student/mnt/ssd/big_test/c/big5 as 0
[set_dirty]: 	set isdirty of /home/student/mnt/ssd/big_test/c/big5 as 0
[cloudfs_getattr_node]:	 pathname: /big_test/c/big5
[get_path_s]	 pathname is /big_test/c/big5
[get_loc]: 	/home/student/mnt/ssd/big_test/c/big5 loc is 0
[cloudfs_getattr_node]:	file /big_test/c/big5 have size: 0
[cloudfs_open]:	 pathname: /big_test/c/big5
[get_path_s]	 pathname is /big_test/c/big5
[get_loc]: 	/home/student/mnt/ssd/big_test/c/big5 loc is 0
[cloudfs_open]:	 opening /home/student/mnt/ssd/big_test/c/big5
[cloudfs_getxattr]:	 pathname: /big_test/c/big5
[get_path_s]	 pathname is /big_test/c/big5
[cloudfs_getxattr] path_s : /home/student/mnt/ssd/big_test/c/big5	 name : security.capability 	size : 0
[CloudFS Error]: getxattr failed 	[ERRNO]: 61: No data available
[mydedup_write]:	 pathname: /big_test/c/big5	 offset: 0
[get_path_s]	 pathname is /big_test/c/big5
[get_loc]: 	/home/student/mnt/ssd/big_test/c/big5 loc is 0
[mydedup_write]:	 pathname: /home/student/mnt/ssd/big_test/c/big5 is local
[cloudfs_write_node]:	 pathname: /big_test/c/big5
[get_path_s]	 pathname is /big_test/c/big5
[cloudfs_write_node]:	 pathname: /big_test/c/big5
[get_loc]: 	/home/student/mnt/ssd/big_test/c/big5 loc is 0
[mydedup_write]:	 pathname: /big_test/c/big5	 offset: 4096
[get_path_s]	 pathname is /big_test/c/big5
[get_loc]: 	/home/student/mnt/ssd/big_test/c/big5 loc is 0
[mydedup_write]:	 pathname: /home/student/mnt/ssd/big_test/c/big5 is local
[cloudfs_write_node]:	 pathname: /big_test/c/big5
[get_path_s]	 pathname is /big_test/c/big5
[cloudfs_write_node]:	 pathname: /big_test/c/big5
[get_loc]: 	/home/student/mnt/ssd/big_test/c/big5 loc is 0
[mydedup_write]:	 pathname: /big_test/c/big5	 offset: 8192
[get_path_s]	 pathname is /big_test/c/big5
[get_loc]: 	/home/student/mnt/ssd/big_test/c/big5 loc is 0
[mydedup_write]:	 pathname: /home/student/mnt/ssd/big_test/c/big5 is local
[cloudfs_write_node]:	 pathname: /big_test/c/big5
[get_path_s]	 pathname is /big_test/c/big5
[cloudfs_write_node]:	 pathname: /big_test/c/big5
[get_loc]: 	/home/student/mnt/ssd/big_test/c/big5 loc is 0
[cloudfs_getxattr]:	 pathname: /big_test/c/big5
[get_path_s]	 pathname is /big_test/c/big5
[cloudfs_getxattr] path_s : /home/student/mnt/ssd/big_test/c/big5	 name : security.capability 	size : 0
[CloudFS Error]: getxattr failed 	[ERRNO]: 61: No data available
[mydedup_write]:	 pathname: /big_test/c/big5	 offset: 8704
[get_path_s]	 pathname is /big_test/c/big5
[get_loc]: 	/home/student/mnt/ssd/big_test/c/big5 loc is 0
[mydedup_write]:	 pathname: /home/student/mnt/ssd/big_test/c/big5 is local
[cloudfs_write_node]:	 pathname: /big_test/c/big5
[get_path_s]	 pathname is /big_test/c/big5
[cloudfs_write_node]:	 pathname: /big_test/c/big5
[get_loc]: 	/home/student/mnt/ssd/big_test/c/big5 loc is 0
[mydedup_write]:	 pathname: /big_test/c/big5	 offset: 12288
[get_path_s]	 pathname is /big_test/c/big5
[get_loc]: 	/home/student/mnt/ssd/big_test/c/big5 loc is 0
[mydedup_write]:	 pathname: /home/student/mnt/ssd/big_test/c/big5 is local
[cloudfs_write_node]:	 pathname: /big_test/c/big5
[get_path_s]	 pathname is /big_test/c/big5
[cloudfs_write_node]:	 pathname: /big_test/c/big5
[get_loc]: 	/home/student/mnt/ssd/big_test/c/big5 loc is 0
[mydedup_write]:	 pathname: /big_test/c/big5	 offset: 16384
[get_path_s]	 pathname is /big_test/c/big5
[get_loc]: 	/home/student/mnt/ssd/big_test/c/big5 loc is 0
[mydedup_write]:	 pathname: /home/student/mnt/ssd/big_test/c/big5 is local
[cloudfs_write_node]:	 pathname: /big_test/c/big5
[get_path_s]	 pathname is /big_test/c/big5
[cloudfs_write_node]:	 pathname: /big_test/c/big5
[get_loc]: 	/home/student/mnt/ssd/big_test/c/big5 loc is 0
[mydedup_segmentation]: /home/student/mnt/ssd/big_test/c/big5


[mydedup_segmentation]: _____________________________________
[mydedup_segmentation]: 6144 5a53ca0e70ad975388cf55d1ee653426
[mydedup_segmentation]: _____________________________________
[mydedup_segmentation]: 6144 5a53ca0e70ad975388cf55d1ee653426
[mydedup_segmentation]: _____________________________________
[mydedup_segmentation]: 6144 5a53ca0e70ad975388cf55d1ee653426
[mydedup_segmentation]: _____________________________________
512 41b331f34137535b7228775936e7f3dd[mydedup_segmentation] number of seg is 4
[get_seg_proxy_path]: md5: 5a53ca0e70ad975388cf55d1ee653426	 tempseg_path:/home/student/mnt/ssd/.segproxy/5a53ca0e70ad975388cf55d1ee653426.segproxy
[mydedup_upload_segs] seg[0]->md5 = 5a53ca0e70ad975388cf55d1ee653426[mydedup_upload_segs]: opend /home/student/mnt/ssd/.segproxy/5a53ca0e70ad975388cf55d1ee653426.segproxy at 0x827e90
[mydedup_upload_segs]: closed 0x827e90
[set_ref]: 	set refcount of /home/student/mnt/ssd/.segproxy/5a53ca0e70ad975388cf55d1ee653426.segproxy as 1
[get_seg_proxy_path]: md5: 53ca0e70ad975388cf55d1ee653426	 tempseg_path:/home/student/mnt/ssd/.segproxy/53ca0e70ad975388cf55d1ee653426.segproxy
[mydedup_upload_segs] seg[1]->md5 = 53ca0e70ad975388cf55d1ee653426[mydedup_upload_segs]: opend /home/student/mnt/ssd/.segproxy/53ca0e70ad975388cf55d1ee653426.segproxy at 0x827e90
[mydedup_upload_segs]: closed 0x827e90
[set_ref]: 	set refcount of /home/student/mnt/ssd/.segproxy/53ca0e70ad975388cf55d1ee653426.segproxy as 1
[get_seg_proxy_path]: md5: ca0e70ad975388cf55d1ee653426	 tempseg_path:/home/student/mnt/ssd/.segproxy/ca0e70ad975388cf55d1ee653426.segproxy
[mydedup_upload_segs] seg[2]->md5 = ca0e70ad975388cf55d1ee653426[mydedup_upload_segs]: opend /home/student/mnt/ssd/.segproxy/ca0e70ad975388cf55d1ee653426.segproxy at 0x827f80
[mydedup_upload_segs]: closed 0x827f80
[set_ref]: 	set refcount of /home/student/mnt/ssd/.segproxy/ca0e70ad975388cf55d1ee653426.segproxy as 1
[get_seg_proxy_path]: md5: ocalhost:8888/test/ca0e70ad975388cf55d1ee653426	 tempseg_path:/home/student/mnt/ssd/.segproxy/ocalhost:8888/test/ca0e70ad975388cf55d1ee653426.segproxy
[mydedup_upload_segs] seg[3]->md5 = ocalhost:8888/test/ca0e70ad975388cf55d1ee653426[mydedup_upload_segs]: opend /home/student/mnt/ssd/.segproxy/ocalhost:8888/test/ca0e70ad975388cf55d1ee653426.segproxy at (nil)
[mydedup_upload_segs]: closed (nil)
