








Runtime is Sun Nov 14 19:52:17 2021

[start] fstate->ssd_path is /home/student/mnt/ssd/
fstate->fuse_path is /home/student/mnt/fuse/
fstate->hostname is localhost:8888
fstate->ssd_size is 1073741824
fstate->thresholdis 16384
fstate->avg_seg_size is 4096
fstate->min_seg_size is 3072
fstate->max_seg_size is 6144
fstate->cache_size is 0
fstate->no_dedup is 0
fstate->rabin_window_size is 48
[mydedup_init]:
[cloudfs_opendir]:	 pathname: /
[get_path_s]	 pathname is /
[cloudfs_getattr_node]:	 pathname: /big_test
[get_path_s]	 pathname is /big_test
[cloudfs_mkdir]:	 pathname: /big_test
[get_path_s]	 pathname is /big_test
[mkdir] path_s is /home/student/mnt/ssd/big_test
[cloudfs_getattr_node]:	 pathname: /big_test
[get_path_s]	 pathname is /big_test
[get_loc]: 	/home/student/mnt/ssd/big_test loc is 0
[cloudfs_getattr_node]:	file /big_test have size: 4096
[cloudfs_getattr_node]:	 pathname: /big_test/c
[get_path_s]	 pathname is /big_test/c
[cloudfs_mkdir]:	 pathname: /big_test/c
[get_path_s]	 pathname is /big_test/c
[mkdir] path_s is /home/student/mnt/ssd/big_test/c
[cloudfs_getattr_node]:	 pathname: /big_test/c
[get_path_s]	 pathname is /big_test/c
[get_loc]: 	/home/student/mnt/ssd/big_test/c loc is 0
[cloudfs_getattr_node]:	file /big_test/c have size: 4096
[cloudfs_getattr_node]:	 pathname: /big_test/c/big5
[get_path_s]	 pathname is /big_test/c/big5
[cloudfs_mknod]:	 pathname: /big_test/c/big5
[get_path_s]	 pathname is /big_test/c/big5
[set_loc]: 	set loc of /home/student/mnt/ssd/big_test/c/big5 as 0
[set_dirty]: 	set isdirty of /home/student/mnt/ssd/big_test/c/big5 as 0
[cloudfs_getattr_node]:	 pathname: /big_test/c/big5
[get_path_s]	 pathname is /big_test/c/big5
[get_loc]: 	/home/student/mnt/ssd/big_test/c/big5 loc is 0
[cloudfs_getattr_node]:	file /big_test/c/big5 have size: 0
[cloudfs_open]:	 pathname: /big_test/c/big5
[get_path_s]	 pathname is /big_test/c/big5
[get_loc]: 	/home/student/mnt/ssd/big_test/c/big5 loc is 0
[cloudfs_open]:	 opening /home/student/mnt/ssd/big_test/c/big5
[cloudfs_getxattr]:	 pathname: /big_test/c/big5
[get_path_s]	 pathname is /big_test/c/big5
[cloudfs_getxattr] path_s : /home/student/mnt/ssd/big_test/c/big5	 name : security.capability 	size : 0
[CloudFS Error]: getxattr failed 	[ERRNO]: 61: No data available
[mydedup_write]:	 pathname: /big_test/c/big5	 offset: 0
[get_path_s]	 pathname is /big_test/c/big5
[get_loc]: 	/home/student/mnt/ssd/big_test/c/big5 loc is 0
[mydedup_write]:	 pathname: /home/student/mnt/ssd/big_test/c/big5 is local
[cloudfs_write_node]:	 pathname: /big_test/c/big5
[get_path_s]	 pathname is /big_test/c/big5
[cloudfs_write_node]:	 pathname: /big_test/c/big5
[get_loc]: 	/home/student/mnt/ssd/big_test/c/big5 loc is 0
[mydedup_write]:	 pathname: /big_test/c/big5	 offset: 4096
[get_path_s]	 pathname is /big_test/c/big5
[get_loc]: 	/home/student/mnt/ssd/big_test/c/big5 loc is 0
[mydedup_write]:	 pathname: /home/student/mnt/ssd/big_test/c/big5 is local
[cloudfs_write_node]:	 pathname: /big_test/c/big5
[get_path_s]	 pathname is /big_test/c/big5
[cloudfs_write_node]:	 pathname: /big_test/c/big5
[get_loc]: 	/home/student/mnt/ssd/big_test/c/big5 loc is 0
[mydedup_write]:	 pathname: /big_test/c/big5	 offset: 8192
[get_path_s]	 pathname is /big_test/c/big5
[get_loc]: 	/home/student/mnt/ssd/big_test/c/big5 loc is 0
[mydedup_write]:	 pathname: /home/student/mnt/ssd/big_test/c/big5 is local
[cloudfs_write_node]:	 pathname: /big_test/c/big5
[get_path_s]	 pathname is /big_test/c/big5
[cloudfs_write_node]:	 pathname: /big_test/c/big5
[get_loc]: 	/home/student/mnt/ssd/big_test/c/big5 loc is 0
[cloudfs_getxattr]:	 pathname: /big_test/c/big5
[get_path_s]	 pathname is /big_test/c/big5
[cloudfs_getxattr] path_s : /home/student/mnt/ssd/big_test/c/big5	 name : security.capability 	size : 0
[CloudFS Error]: getxattr failed 	[ERRNO]: 61: No data available
[mydedup_write]:	 pathname: /big_test/c/big5	 offset: 8704
[get_path_s]	 pathname is /big_test/c/big5
[get_loc]: 	/home/student/mnt/ssd/big_test/c/big5 loc is 0
[mydedup_write]:	 pathname: /home/student/mnt/ssd/big_test/c/big5 is local
[cloudfs_write_node]:	 pathname: /big_test/c/big5
[get_path_s]	 pathname is /big_test/c/big5
[cloudfs_write_node]:	 pathname: /big_test/c/big5
[get_loc]: 	/home/student/mnt/ssd/big_test/c/big5 loc is 0
[mydedup_write]:	 pathname: /big_test/c/big5	 offset: 12288
[get_path_s]	 pathname is /big_test/c/big5
[get_loc]: 	/home/student/mnt/ssd/big_test/c/big5 loc is 0
[mydedup_write]:	 pathname: /home/student/mnt/ssd/big_test/c/big5 is local
[cloudfs_write_node]:	 pathname: /big_test/c/big5
[get_path_s]	 pathname is /big_test/c/big5
[cloudfs_write_node]:	 pathname: /big_test/c/big5
[get_loc]: 	/home/student/mnt/ssd/big_test/c/big5 loc is 0
[mydedup_write]:	 pathname: /big_test/c/big5	 offset: 16384
[get_path_s]	 pathname is /big_test/c/big5
[get_loc]: 	/home/student/mnt/ssd/big_test/c/big5 loc is 0
[mydedup_write]:	 pathname: /home/student/mnt/ssd/big_test/c/big5 is local
[cloudfs_write_node]:	 pathname: /big_test/c/big5
[get_path_s]	 pathname is /big_test/c/big5
[cloudfs_write_node]:	 pathname: /big_test/c/big5
[get_loc]: 	/home/student/mnt/ssd/big_test/c/big5 loc is 0
[mydedup_segmentation]: /home/student/mnt/ssd/big_test/c/big5


[mydedup_segmentation]: _____________________________________
[mydedup_segmentation]: 6144 5a53ca0e70ad975388cf55d1ee653426
[mydedup_segmentation]: _____________________________________
[mydedup_segmentation]: 6144 5a53ca0e70ad975388cf55d1ee653426
[mydedup_segmentation]: _____________________________________
[mydedup_segmentation]: 6144 5a53ca0e70ad975388cf55d1ee653426
[mydedup_segmentation]: _____________________________________
51241b331f34137535b7228775936e7f3dd[mydedup_segmentation] number of seg is 4
[get_seg_proxy_path]: md5: 5a53ca0e70ad975388cf55d1ee653426	 tempseg_path:/home/student/mnt/ssd/.segproxy/5a53ca0e70ad975388cf55d1ee653426.segproxy
[mydedup_upload_segs] seg[0]->md5 = 5a53ca0e70ad975388cf55d1ee653426[mydedup_upload_segs]: opend /home/student/mnt/ssd/.segproxy/5a53ca0e70ad975388cf55d1ee653426.segproxy at 0x1364e90
[mydedup_upload_segs]: closed 0x1364e90
[set_ref]: 	set refcount of /home/student/mnt/ssd/.segproxy/5a53ca0e70ad975388cf55d1ee653426.segproxy as 1
[get_seg_proxy_path]: md5: 41b331f34137535b7228775936e7f3dd	 tempseg_path:/home/student/mnt/ssd/.segproxy/41b331f34137535b7228775936e7f3dd.segproxy
[mydedup_upload_segs] seg[1]->md5 = 41b331f34137535b7228775936e7f3dd[mydedup_upload_segs]: opend /home/student/mnt/ssd/.segproxy/41b331f34137535b7228775936e7f3dd.segproxy at 0x1364e90
[mydedup_upload_segs]: closed 0x1364e90
[set_ref]: 	set refcount of /home/student/mnt/ssd/.segproxy/41b331f34137535b7228775936e7f3dd.segproxy as 1
[get_seg_proxy_path]: md5: 41b331f34137535b7228775936e7f3dd	 tempseg_path:/home/student/mnt/ssd/.segproxy/41b331f34137535b7228775936e7f3dd.segproxy
[mydedup_upload_segs] seg[2]->md5 = 41b331f34137535b7228775936e7f3dd[get_ref]: 	/home/student/mnt/ssd/.segproxy/41b331f34137535b7228775936e7f3dd.segproxy ref_count is 1
[set_ref]: 	set refcount of /home/student/mnt/ssd/.segproxy/41b331f34137535b7228775936e7f3dd.segproxy as 2
[get_seg_proxy_path]: md5: 41b331f34137535b7228775936e7f3dd	 tempseg_path:/home/student/mnt/ssd/.segproxy/41b331f34137535b7228775936e7f3dd.segproxy
[mydedup_upload_segs] seg[3]->md5 = 41b331f34137535b7228775936e7f3dd[get_ref]: 	/home/student/mnt/ssd/.segproxy/41b331f34137535b7228775936e7f3dd.segproxy ref_count is 2
[set_ref]: 	set refcount of /home/student/mnt/ssd/.segproxy/41b331f34137535b7228775936e7f3dd.segproxy as 3
[mydedup_upload_segs]: closed 0x1343220
[mydedup_upload_file]: opend /home/student/mnt/ssd/big_test/c/big5 at 0x1343220
[mydedup_upload_file]: closed 0x1343220
[clone_2_proxy]: save attr to /home/student/mnt/ssd/big_test/c/big5
[clone_2_proxy]: save size = 18944 to /home/student/mnt/ssd/big_test/c/big5
[cloudfs_getxattr]:	 pathname: /big_test/c/big5
[get_path_s]	 pathname is /big_test/c/big5
[cloudfs_getxattr] path_s : /home/student/mnt/ssd/big_test/c/big5	 name : security.capability 	size : 0
[CloudFS Error]: getxattr failed 	[ERRNO]: 61: No data available
[mydedup_write]:	 pathname: /big_test/c/big5	 offset: 18944
[get_path_s]	 pathname is /big_test/c/big5
[get_loc]: 	/home/student/mnt/ssd/big_test/c/big5 loc is 0
[mydedup_write]:	 pathname: /home/student/mnt/ssd/big_test/c/big5 is local
[cloudfs_write_node]:	 pathname: /big_test/c/big5
[get_path_s]	 pathname is /big_test/c/big5
[cloudfs_write_node]:	 pathname: /big_test/c/big5
[get_loc]: 	/home/student/mnt/ssd/big_test/c/big5 loc is 0
[mydedup_segmentation]: /home/student/mnt/ssd/big_test/c/big5


[mydedup_segmentation]: _____________________________________
[mydedup_segmentation]: 3072 3c29fbf48674b98506879fbb2d8674af
[mydedup_segmentation]: _____________________________________
[mydedup_segmentation]: 3072 d2a70550489de356a2cd6bfc40711204
[mydedup_segmentation]: _____________________________________
[mydedup_segmentation]: 3072 d2a70550489de356a2cd6bfc40711204
[mydedup_segmentation]: _____________________________________
[mydedup_segmentation]: 3072 d2a70550489de356a2cd6bfc40711204
[mydedup_segmentation]: _____________________________________
[mydedup_segmentation]: 3072 d2a70550489de356a2cd6bfc40711204
[mydedup_segmentation]: _____________________________________
[mydedup_segmentation]: 3072 d2a70550489de356a2cd6bfc40711204
[mydedup_segmentation]: _____________________________________
2048887511178b61b05a4d43d62e2e1ee9d3[mydedup_segmentation] number of seg is 7
[get_seg_proxy_path]: md5: 887511178b61b05a4d43d62e2e1ee9d3	 tempseg_path:/home/student/mnt/ssd/.segproxy/887511178b61b05a4d43d62e2e1ee9d3.segproxy
[mydedup_upload_segs] seg[0]->md5 = 887511178b61b05a4d43d62e2e1ee9d3[mydedup_upload_segs]: opend /home/student/mnt/ssd/.segproxy/887511178b61b05a4d43d62e2e1ee9d3.segproxy at 0x1365f70
[mydedup_upload_segs]: closed 0x1365f70
[set_ref]: 	set refcount of /home/student/mnt/ssd/.segproxy/887511178b61b05a4d43d62e2e1ee9d3.segproxy as 1
[get_seg_proxy_path]: md5: 887511178b61b05a4d43d62e2e1ee9d3	 tempseg_path:/home/student/mnt/ssd/.segproxy/887511178b61b05a4d43d62e2e1ee9d3.segproxy
[mydedup_upload_segs] seg[1]->md5 = 887511178b61b05a4d43d62e2e1ee9d3[get_ref]: 	/home/student/mnt/ssd/.segproxy/887511178b61b05a4d43d62e2e1ee9d3.segproxy ref_count is 1
[set_ref]: 	set refcount of /home/student/mnt/ssd/.segproxy/887511178b61b05a4d43d62e2e1ee9d3.segproxy as 2
[get_seg_proxy_path]: md5: 887511178b61b05a4d43d62e2e1ee9d3	 tempseg_path:/home/student/mnt/ssd/.segproxy/887511178b61b05a4d43d62e2e1ee9d3.segproxy
[mydedup_upload_segs] seg[2]->md5 = 887511178b61b05a4d43d62e2e1ee9d3[get_ref]: 	/home/student/mnt/ssd/.segproxy/887511178b61b05a4d43d62e2e1ee9d3.segproxy ref_count is 2
[set_ref]: 	set refcount of /home/student/mnt/ssd/.segproxy/887511178b61b05a4d43d62e2e1ee9d3.segproxy as 3
[get_seg_proxy_path]: md5: 887511178b61b05a4d43d62e2e1ee9d3	 tempseg_path:/home/student/mnt/ssd/.segproxy/887511178b61b05a4d43d62e2e1ee9d3.segproxy
[mydedup_upload_segs] seg[3]->md5 = 887511178b61b05a4d43d62e2e1ee9d3[get_ref]: 	/home/student/mnt/ssd/.segproxy/887511178b61b05a4d43d62e2e1ee9d3.segproxy ref_count is 3
[set_ref]: 	set refcount of /home/student/mnt/ssd/.segproxy/887511178b61b05a4d43d62e2e1ee9d3.segproxy as 4
[get_seg_proxy_path]: md5: 887511178b61b05a4d43d62e2e1ee9d3	 tempseg_path:/home/student/mnt/ssd/.segproxy/887511178b61b05a4d43d62e2e1ee9d3.segproxy
[mydedup_upload_segs] seg[4]->md5 = 887511178b61b05a4d43d62e2e1ee9d3[get_ref]: 	/home/student/mnt/ssd/.segproxy/887511178b61b05a4d43d62e2e1ee9d3.segproxy ref_count is 4
[set_ref]: 	set refcount of /home/student/mnt/ssd/.segproxy/887511178b61b05a4d43d62e2e1ee9d3.segproxy as 5
[get_seg_proxy_path]: md5: 887511178b61b05a4d43d62e2e1ee9d3	 tempseg_path:/home/student/mnt/ssd/.segproxy/887511178b61b05a4d43d62e2e1ee9d3.segproxy
[mydedup_upload_segs] seg[5]->md5 = 887511178b61b05a4d43d62e2e1ee9d3[get_ref]: 	/home/student/mnt/ssd/.segproxy/887511178b61b05a4d43d62e2e1ee9d3.segproxy ref_count is 5
[set_ref]: 	set refcount of /home/student/mnt/ssd/.segproxy/887511178b61b05a4d43d62e2e1ee9d3.segproxy as 6
[get_seg_proxy_path]: md5: 887511178b61b05a4d43d62e2e1ee9d3	 tempseg_path:/home/student/mnt/ssd/.segproxy/887511178b61b05a4d43d62e2e1ee9d3.segproxy
[mydedup_upload_segs] seg[6]->md5 = 887511178b61b05a4d43d62e2e1ee9d3[get_ref]: 	/home/student/mnt/ssd/.segproxy/887511178b61b05a4d43d62e2e1ee9d3.segproxy ref_count is 6
[set_ref]: 	set refcount of /home/student/mnt/ssd/.segproxy/887511178b61b05a4d43d62e2e1ee9d3.segproxy as 7
[mydedup_upload_segs]: closed 0x1343270
[mydedup_upload_file]: opend /home/student/mnt/ssd/big_test/c/big5 at 0x1343270
[mydedup_upload_file]: closed 0x1343270
[clone_2_proxy]: save attr to /home/student/mnt/ssd/big_test/c/big5
[clone_2_proxy]: save size = 20480 to /home/student/mnt/ssd/big_test/c/big5
[mydedup_write]:	 pathname: /big_test/c/big5	 offset: 20480
[get_path_s]	 pathname is /big_test/c/big5
[get_loc]: 	/home/student/mnt/ssd/big_test/c/big5 loc is 0
[mydedup_write]:	 pathname: /home/student/mnt/ssd/big_test/c/big5 is local
[cloudfs_write_node]:	 pathname: /big_test/c/big5
[get_path_s]	 pathname is /big_test/c/big5
[cloudfs_write_node]:	 pathname: /big_test/c/big5
[get_loc]: 	/home/student/mnt/ssd/big_test/c/big5 loc is 0
[mydedup_segmentation]: /home/student/mnt/ssd/big_test/c/big5


[mydedup_segmentation]: _____________________________________
[mydedup_segmentation]: 3072 837d0ef1b50d3fe701be79673087f93a
[mydedup_segmentation]: _____________________________________
[mydedup_segmentation]: 3072 d2a70550489de356a2cd6bfc40711204
[mydedup_segmentation]: _____________________________________
[mydedup_segmentation]: 3072 d2a70550489de356a2cd6bfc40711204
[mydedup_segmentation]: _____________________________________
[mydedup_segmentation]: 3072 d2a70550489de356a2cd6bfc40711204
[mydedup_segmentation]: _____________________________________
[mydedup_segmentation]: 3072 d2a70550489de356a2cd6bfc40711204
[mydedup_segmentation]: _____________________________________
[mydedup_segmentation]: 3072 d2a70550489de356a2cd6bfc40711204
[mydedup_segmentation]: _____________________________________
[mydedup_segmentation]: 6144 e47156d7e453d5f49f4473fdd995c713
[mydedup_segmentation]: _____________________________________
[mydedup_segmentation] number of seg is 7
[get_seg_proxy_path]: md5: e47156d7e453d5f49f4473fdd995c713	 tempseg_path:/home/student/mnt/ssd/.segproxy/e47156d7e453d5f49f4473fdd995c713.segproxy
[mydedup_upload_segs] seg[0]->md5 = e47156d7e453d5f49f4473fdd995c713[mydedup_upload_segs]: opend /home/student/mnt/ssd/.segproxy/e47156d7e453d5f49f4473fdd995c713.segproxy at 0x1365f70
[mydedup_upload_segs]: closed 0x1365f70
[set_ref]: 	set refcount of /home/student/mnt/ssd/.segproxy/e47156d7e453d5f49f4473fdd995c713.segproxy as 1
[get_seg_proxy_path]: md5: t/e47156d7e453d5f49f4473fdd995c713ibs3 2.0; Linux x86_6	 tempseg_path:/home/student/mnt/ssd/.segproxy/t/e47156d7e453d5f49f4473fdd995c713ibs3 2.0; Linux x86_6.segproxy
[mydedup_upload_segs] seg[1]->md5 = t/e47156d7e453d5f49f4473fdd995c713ibs3 2.0; Linux x86_6[mydedup_upload_segs]: opend /home/student/mnt/ssd/.segproxy/t/e47156d7e453d5f49f4473fdd995c713ibs3 2.0; Linux x86_6.segproxy at (nil)
[mydedup_upload_segs]: closed (nil)









Runtime is Sun Nov 14 19:52:36 2021

[start] fstate->ssd_path is /home/student/mnt/ssd/
fstate->fuse_path is /home/student/mnt/fuse/
fstate->hostname is localhost:8888
fstate->ssd_size is 1073741824
fstate->thresholdis 16384
fstate->avg_seg_size is 4096
fstate->min_seg_size is 3072
fstate->max_seg_size is 6144
fstate->cache_size is 0
fstate->no_dedup is 0
fstate->rabin_window_size is 48
[mydedup_init]:
[cloudfs_opendir]:	 pathname: /
[get_path_s]	 pathname is /
[cloudfs_getattr_node]:	 pathname: /big_test
[get_path_s]	 pathname is /big_test
[cloudfs_mkdir]:	 pathname: /big_test
[get_path_s]	 pathname is /big_test
[mkdir] path_s is /home/student/mnt/ssd/big_test
[cloudfs_getattr_node]:	 pathname: /big_test
[get_path_s]	 pathname is /big_test
[get_loc]: 	/home/student/mnt/ssd/big_test loc is 0
[cloudfs_getattr_node]:	file /big_test have size: 4096
[cloudfs_getattr_node]:	 pathname: /big_test/c
[get_path_s]	 pathname is /big_test/c
[cloudfs_mkdir]:	 pathname: /big_test/c
[get_path_s]	 pathname is /big_test/c
[mkdir] path_s is /home/student/mnt/ssd/big_test/c
[cloudfs_getattr_node]:	 pathname: /big_test/c
[get_path_s]	 pathname is /big_test/c
[get_loc]: 	/home/student/mnt/ssd/big_test/c loc is 0
[cloudfs_getattr_node]:	file /big_test/c have size: 4096
[cloudfs_getattr_node]:	 pathname: /big_test/c/big5
[get_path_s]	 pathname is /big_test/c/big5
[cloudfs_mknod]:	 pathname: /big_test/c/big5
[get_path_s]	 pathname is /big_test/c/big5
[set_loc]: 	set loc of /home/student/mnt/ssd/big_test/c/big5 as 0
[set_dirty]: 	set isdirty of /home/student/mnt/ssd/big_test/c/big5 as 0
[cloudfs_getattr_node]:	 pathname: /big_test/c/big5
[get_path_s]	 pathname is /big_test/c/big5
[get_loc]: 	/home/student/mnt/ssd/big_test/c/big5 loc is 0
[cloudfs_getattr_node]:	file /big_test/c/big5 have size: 0
[cloudfs_open]:	 pathname: /big_test/c/big5
[get_path_s]	 pathname is /big_test/c/big5
[get_loc]: 	/home/student/mnt/ssd/big_test/c/big5 loc is 0
[cloudfs_open]:	 opening /home/student/mnt/ssd/big_test/c/big5
[cloudfs_getxattr]:	 pathname: /big_test/c/big5
[get_path_s]	 pathname is /big_test/c/big5
[cloudfs_getxattr] path_s : /home/student/mnt/ssd/big_test/c/big5	 name : security.capability 	size : 0
[CloudFS Error]: getxattr failed 	[ERRNO]: 61: No data available
[mydedup_write]:	 pathname: /big_test/c/big5	 offset: 0
[get_path_s]	 pathname is /big_test/c/big5
[get_loc]: 	/home/student/mnt/ssd/big_test/c/big5 loc is 0
[mydedup_write]:	 pathname: /home/student/mnt/ssd/big_test/c/big5 is local
[cloudfs_write_node]:	 pathname: /big_test/c/big5
[get_path_s]	 pathname is /big_test/c/big5
[cloudfs_write_node]:	 pathname: /big_test/c/big5
[get_loc]: 	/home/student/mnt/ssd/big_test/c/big5 loc is 0
[mydedup_write]:	 pathname: /big_test/c/big5	 offset: 4096
[get_path_s]	 pathname is /big_test/c/big5
[get_loc]: 	/home/student/mnt/ssd/big_test/c/big5 loc is 0
[mydedup_write]:	 pathname: /home/student/mnt/ssd/big_test/c/big5 is local
[cloudfs_write_node]:	 pathname: /big_test/c/big5
[get_path_s]	 pathname is /big_test/c/big5
[cloudfs_write_node]:	 pathname: /big_test/c/big5
[get_loc]: 	/home/student/mnt/ssd/big_test/c/big5 loc is 0
[mydedup_write]:	 pathname: /big_test/c/big5	 offset: 8192
[get_path_s]	 pathname is /big_test/c/big5
[get_loc]: 	/home/student/mnt/ssd/big_test/c/big5 loc is 0
[mydedup_write]:	 pathname: /home/student/mnt/ssd/big_test/c/big5 is local
[cloudfs_write_node]:	 pathname: /big_test/c/big5
[get_path_s]	 pathname is /big_test/c/big5
[cloudfs_write_node]:	 pathname: /big_test/c/big5
[get_loc]: 	/home/student/mnt/ssd/big_test/c/big5 loc is 0
[cloudfs_getxattr]:	 pathname: /big_test/c/big5
[get_path_s]	 pathname is /big_test/c/big5
[cloudfs_getxattr] path_s : /home/student/mnt/ssd/big_test/c/big5	 name : security.capability 	size : 0
[CloudFS Error]: getxattr failed 	[ERRNO]: 61: No data available
[mydedup_write]:	 pathname: /big_test/c/big5	 offset: 8704
[get_path_s]	 pathname is /big_test/c/big5
[get_loc]: 	/home/student/mnt/ssd/big_test/c/big5 loc is 0
[mydedup_write]:	 pathname: /home/student/mnt/ssd/big_test/c/big5 is local
[cloudfs_write_node]:	 pathname: /big_test/c/big5
[get_path_s]	 pathname is /big_test/c/big5
[cloudfs_write_node]:	 pathname: /big_test/c/big5
[get_loc]: 	/home/student/mnt/ssd/big_test/c/big5 loc is 0
[mydedup_write]:	 pathname: /big_test/c/big5	 offset: 12288
[get_path_s]	 pathname is /big_test/c/big5
[get_loc]: 	/home/student/mnt/ssd/big_test/c/big5 loc is 0
[mydedup_write]:	 pathname: /home/student/mnt/ssd/big_test/c/big5 is local
[cloudfs_write_node]:	 pathname: /big_test/c/big5
[get_path_s]	 pathname is /big_test/c/big5
[cloudfs_write_node]:	 pathname: /big_test/c/big5
[get_loc]: 	/home/student/mnt/ssd/big_test/c/big5 loc is 0
[mydedup_write]:	 pathname: /big_test/c/big5	 offset: 16384
[get_path_s]	 pathname is /big_test/c/big5
[get_loc]: 	/home/student/mnt/ssd/big_test/c/big5 loc is 0
[mydedup_write]:	 pathname: /home/student/mnt/ssd/big_test/c/big5 is local
[cloudfs_write_node]:	 pathname: /big_test/c/big5
[get_path_s]	 pathname is /big_test/c/big5
[cloudfs_write_node]:	 pathname: /big_test/c/big5
[get_loc]: 	/home/student/mnt/ssd/big_test/c/big5 loc is 0
[mydedup_segmentation]: /home/student/mnt/ssd/big_test/c/big5


[mydedup_segmentation]: _____________________________________
[mydedup_segmentation]: 6144 5a53ca0e70ad975388cf55d1ee653426
[mydedup_segmentation]: _____________________________________
[mydedup_segmentation]: 6144 5a53ca0e70ad975388cf55d1ee653426
[mydedup_segmentation]: _____________________________________
[mydedup_segmentation]: 6144 5a53ca0e70ad975388cf55d1ee653426
[mydedup_segmentation]: _____________________________________
51241b331f34137535b7228775936e7f3dd[mydedup_segmentation] number of seg is 4
[get_seg_proxy_path]: md5: 5a53ca0e70ad975388cf55d1ee653426	 tempseg_path:/home/student/mnt/ssd/.segproxy/5a53ca0e70ad975388cf55d1ee653426.segproxy
[mydedup_upload_segs] seg[0]->md5 = 5a53ca0e70ad975388cf55d1ee653426[mydedup_upload_segs]: opend /home/student/mnt/ssd/.segproxy/5a53ca0e70ad975388cf55d1ee653426.segproxy at 0x122ae90
[mydedup_upload_segs]: closed 0x122ae90
[set_ref]: 	set refcount of /home/student/mnt/ssd/.segproxy/5a53ca0e70ad975388cf55d1ee653426.segproxy as 1
[get_seg_proxy_path]: md5: 41b331f34137535b7228775936e7f3dd	 tempseg_path:/home/student/mnt/ssd/.segproxy/41b331f34137535b7228775936e7f3dd.segproxy
[mydedup_upload_segs] seg[1]->md5 = 41b331f34137535b7228775936e7f3dd[mydedup_upload_segs]: opend /home/student/mnt/ssd/.segproxy/41b331f34137535b7228775936e7f3dd.segproxy at 0x122ae90
[mydedup_upload_segs]: closed 0x122ae90
[set_ref]: 	set refcount of /home/student/mnt/ssd/.segproxy/41b331f34137535b7228775936e7f3dd.segproxy as 1
[get_seg_proxy_path]: md5: 41b331f34137535b7228775936e7f3dd	 tempseg_path:/home/student/mnt/ssd/.segproxy/41b331f34137535b7228775936e7f3dd.segproxy
[mydedup_upload_segs] seg[2]->md5 = 41b331f34137535b7228775936e7f3dd[get_ref]: 	/home/student/mnt/ssd/.segproxy/41b331f34137535b7228775936e7f3dd.segproxy ref_count is 1
[set_ref]: 	set refcount of /home/student/mnt/ssd/.segproxy/41b331f34137535b7228775936e7f3dd.segproxy as 2
[get_seg_proxy_path]: md5: 41b331f34137535b7228775936e7f3dd	 tempseg_path:/home/student/mnt/ssd/.segproxy/41b331f34137535b7228775936e7f3dd.segproxy
[mydedup_upload_segs] seg[3]->md5 = 41b331f34137535b7228775936e7f3dd[get_ref]: 	/home/student/mnt/ssd/.segproxy/41b331f34137535b7228775936e7f3dd.segproxy ref_count is 2
[set_ref]: 	set refcount of /home/student/mnt/ssd/.segproxy/41b331f34137535b7228775936e7f3dd.segproxy as 3
[mydedup_upload_segs]: closed 0x1209220
[mydedup_upload_file]: opend /home/student/mnt/ssd/big_test/c/big5 at 0x1209220
[mydedup_upload_file]: closed 0x1209220
[clone_2_proxy]: save attr to /home/student/mnt/ssd/big_test/c/big5
[clone_2_proxy]: save size = 18944 to /home/student/mnt/ssd/big_test/c/big5
[cloudfs_getxattr]:	 pathname: /big_test/c/big5
[get_path_s]	 pathname is /big_test/c/big5
[cloudfs_getxattr] path_s : /home/student/mnt/ssd/big_test/c/big5	 name : security.capability 	size : 0
[CloudFS Error]: getxattr failed 	[ERRNO]: 61: No data available
[mydedup_write]:	 pathname: /big_test/c/big5	 offset: 18944
[get_path_s]	 pathname is /big_test/c/big5
[get_loc]: 	/home/student/mnt/ssd/big_test/c/big5 loc is 0
[mydedup_write]:	 pathname: /home/student/mnt/ssd/big_test/c/big5 is local
[cloudfs_write_node]:	 pathname: /big_test/c/big5
[get_path_s]	 pathname is /big_test/c/big5
[cloudfs_write_node]:	 pathname: /big_test/c/big5
[get_loc]: 	/home/student/mnt/ssd/big_test/c/big5 loc is 0
[mydedup_segmentation]: /home/student/mnt/ssd/big_test/c/big5


[mydedup_segmentation]: _____________________________________
[mydedup_segmentation]: 3072 3c29fbf48674b98506879fbb2d8674af
[mydedup_segmentation]: _____________________________________
[mydedup_segmentation]: 3072 d2a70550489de356a2cd6bfc40711204
[mydedup_segmentation]: _____________________________________
[mydedup_segmentation]: 3072 d2a70550489de356a2cd6bfc40711204
[mydedup_segmentation]: _____________________________________
[mydedup_segmentation]: 3072 d2a70550489de356a2cd6bfc40711204
[mydedup_segmentation]: _____________________________________
[mydedup_segmentation]: 3072 d2a70550489de356a2cd6bfc40711204
[mydedup_segmentation]: _____________________________________
[mydedup_segmentation]: 3072 d2a70550489de356a2cd6bfc40711204
[mydedup_segmentation]: _____________________________________
2048887511178b61b05a4d43d62e2e1ee9d3[mydedup_segmentation] number of seg is 7
[get_seg_proxy_path]: md5: 887511178b61b05a4d43d62e2e1ee9d3	 tempseg_path:/home/student/mnt/ssd/.segproxy/887511178b61b05a4d43d62e2e1ee9d3.segproxy
[mydedup_upload_segs] seg[0]->md5 = 887511178b61b05a4d43d62e2e1ee9d3[mydedup_upload_segs]: opend /home/student/mnt/ssd/.segproxy/887511178b61b05a4d43d62e2e1ee9d3.segproxy at 0x122bf70
[mydedup_upload_segs]: closed 0x122bf70
[set_ref]: 	set refcount of /home/student/mnt/ssd/.segproxy/887511178b61b05a4d43d62e2e1ee9d3.segproxy as 1
[get_seg_proxy_path]: md5: 887511178b61b05a4d43d62e2e1ee9d3	 tempseg_path:/home/student/mnt/ssd/.segproxy/887511178b61b05a4d43d62e2e1ee9d3.segproxy
[mydedup_upload_segs] seg[1]->md5 = 887511178b61b05a4d43d62e2e1ee9d3[get_ref]: 	/home/student/mnt/ssd/.segproxy/887511178b61b05a4d43d62e2e1ee9d3.segproxy ref_count is 1
[set_ref]: 	set refcount of /home/student/mnt/ssd/.segproxy/887511178b61b05a4d43d62e2e1ee9d3.segproxy as 2
[get_seg_proxy_path]: md5: 887511178b61b05a4d43d62e2e1ee9d3	 tempseg_path:/home/student/mnt/ssd/.segproxy/887511178b61b05a4d43d62e2e1ee9d3.segproxy
[mydedup_upload_segs] seg[2]->md5 = 887511178b61b05a4d43d62e2e1ee9d3[get_ref]: 	/home/student/mnt/ssd/.segproxy/887511178b61b05a4d43d62e2e1ee9d3.segproxy ref_count is 2
[set_ref]: 	set refcount of /home/student/mnt/ssd/.segproxy/887511178b61b05a4d43d62e2e1ee9d3.segproxy as 3
[get_seg_proxy_path]: md5: 887511178b61b05a4d43d62e2e1ee9d3	 tempseg_path:/home/student/mnt/ssd/.segproxy/887511178b61b05a4d43d62e2e1ee9d3.segproxy
[mydedup_upload_segs] seg[3]->md5 = 887511178b61b05a4d43d62e2e1ee9d3[get_ref]: 	/home/student/mnt/ssd/.segproxy/887511178b61b05a4d43d62e2e1ee9d3.segproxy ref_count is 3
[set_ref]: 	set refcount of /home/student/mnt/ssd/.segproxy/887511178b61b05a4d43d62e2e1ee9d3.segproxy as 4
[get_seg_proxy_path]: md5: 887511178b61b05a4d43d62e2e1ee9d3	 tempseg_path:/home/student/mnt/ssd/.segproxy/887511178b61b05a4d43d62e2e1ee9d3.segproxy
[mydedup_upload_segs] seg[4]->md5 = 887511178b61b05a4d43d62e2e1ee9d3[get_ref]: 	/home/student/mnt/ssd/.segproxy/887511178b61b05a4d43d62e2e1ee9d3.segproxy ref_count is 4
[set_ref]: 	set refcount of /home/student/mnt/ssd/.segproxy/887511178b61b05a4d43d62e2e1ee9d3.segproxy as 5
[get_seg_proxy_path]: md5: 887511178b61b05a4d43d62e2e1ee9d3	 tempseg_path:/home/student/mnt/ssd/.segproxy/887511178b61b05a4d43d62e2e1ee9d3.segproxy
[mydedup_upload_segs] seg[5]->md5 = 887511178b61b05a4d43d62e2e1ee9d3[get_ref]: 	/home/student/mnt/ssd/.segproxy/887511178b61b05a4d43d62e2e1ee9d3.segproxy ref_count is 5
[set_ref]: 	set refcount of /home/student/mnt/ssd/.segproxy/887511178b61b05a4d43d62e2e1ee9d3.segproxy as 6
[get_seg_proxy_path]: md5: 887511178b61b05a4d43d62e2e1ee9d3	 tempseg_path:/home/student/mnt/ssd/.segproxy/887511178b61b05a4d43d62e2e1ee9d3.segproxy
[mydedup_upload_segs] seg[6]->md5 = 887511178b61b05a4d43d62e2e1ee9d3[get_ref]: 	/home/student/mnt/ssd/.segproxy/887511178b61b05a4d43d62e2e1ee9d3.segproxy ref_count is 6
[set_ref]: 	set refcount of /home/student/mnt/ssd/.segproxy/887511178b61b05a4d43d62e2e1ee9d3.segproxy as 7
[mydedup_upload_segs]: closed 0x1209270
[mydedup_upload_file]: opend /home/student/mnt/ssd/big_test/c/big5 at 0x1209270
[mydedup_upload_file]: closed 0x1209270
[clone_2_proxy]: save attr to /home/student/mnt/ssd/big_test/c/big5
[clone_2_proxy]: save size = 20480 to /home/student/mnt/ssd/big_test/c/big5
[mydedup_write]:	 pathname: /big_test/c/big5	 offset: 20480
[get_path_s]	 pathname is /big_test/c/big5
[get_loc]: 	/home/student/mnt/ssd/big_test/c/big5 loc is 0
[mydedup_write]:	 pathname: /home/student/mnt/ssd/big_test/c/big5 is local
[cloudfs_write_node]:	 pathname: /big_test/c/big5
[get_path_s]	 pathname is /big_test/c/big5
[cloudfs_write_node]:	 pathname: /big_test/c/big5
[get_loc]: 	/home/student/mnt/ssd/big_test/c/big5 loc is 0
[mydedup_segmentation]: /home/student/mnt/ssd/big_test/c/big5


[mydedup_segmentation]: _____________________________________
[mydedup_segmentation]: 3072 837d0ef1b50d3fe701be79673087f93a
[mydedup_segmentation]: _____________________________________
[mydedup_segmentation]: 3072 d2a70550489de356a2cd6bfc40711204
[mydedup_segmentation]: _____________________________________
[mydedup_segmentation]: 3072 d2a70550489de356a2cd6bfc40711204
[mydedup_segmentation]: _____________________________________
[mydedup_segmentation]: 3072 d2a70550489de356a2cd6bfc40711204
[mydedup_segmentation]: _____________________________________
[mydedup_segmentation]: 3072 d2a70550489de356a2cd6bfc40711204
[mydedup_segmentation]: _____________________________________
[mydedup_segmentation]: 3072 d2a70550489de356a2cd6bfc40711204
[mydedup_segmentation]: _____________________________________
[mydedup_segmentation]: 6144 e47156d7e453d5f49f4473fdd995c713
[mydedup_segmentation]: _____________________________________
[mydedup_segmentation] number of seg is 7
[get_seg_proxy_path]: md5: e47156d7e453d5f49f4473fdd995c713	 tempseg_path:/home/student/mnt/ssd/.segproxy/e47156d7e453d5f49f4473fdd995c713.segproxy
[mydedup_upload_segs] seg[0]->md5 = e47156d7e453d5f49f4473fdd995c713[mydedup_upload_segs]: opend /home/student/mnt/ssd/.segproxy/e47156d7e453d5f49f4473fdd995c713.segproxy at 0x122bf70
[mydedup_upload_segs]: closed 0x122bf70
[set_ref]: 	set refcount of /home/student/mnt/ssd/.segproxy/e47156d7e453d5f49f4473fdd995c713.segproxy as 1
[get_seg_proxy_path]: md5: t/e47156d7e453d5f49f4473fdd995c713ibs3 2.0; Linux x86_6	 tempseg_path:/home/student/mnt/ssd/.segproxy/t/e47156d7e453d5f49f4473fdd995c713ibs3 2.0; Linux x86_6.segproxy
[mydedup_upload_segs] seg[1]->md5 = t/e47156d7e453d5f49f4473fdd995c713ibs3 2.0; Linux x86_6[mydedup_upload_segs]: opend /home/student/mnt/ssd/.segproxy/t/e47156d7e453d5f49f4473fdd995c713ibs3 2.0; Linux x86_6.segproxy at (nil)
[mydedup_upload_segs]: closed (nil)









Runtime is Sun Nov 14 19:52:52 2021

[start] fstate->ssd_path is /home/student/mnt/ssd/
fstate->fuse_path is /home/student/mnt/fuse/
fstate->hostname is localhost:8888
fstate->ssd_size is 1073741824
fstate->thresholdis 16384
fstate->avg_seg_size is 4096
fstate->min_seg_size is 3072
fstate->max_seg_size is 6144
fstate->cache_size is 0
fstate->no_dedup is 0
fstate->rabin_window_size is 48
[mydedup_init]:
[cloudfs_opendir]:	 pathname: /
[get_path_s]	 pathname is /
[cloudfs_getattr_node]:	 pathname: /big_test
[get_path_s]	 pathname is /big_test
[cloudfs_mkdir]:	 pathname: /big_test
[get_path_s]	 pathname is /big_test
[mkdir] path_s is /home/student/mnt/ssd/big_test
[cloudfs_getattr_node]:	 pathname: /big_test
[get_path_s]	 pathname is /big_test
[get_loc]: 	/home/student/mnt/ssd/big_test loc is 0
[cloudfs_getattr_node]:	file /big_test have size: 4096
[cloudfs_getattr_node]:	 pathname: /big_test/c
[get_path_s]	 pathname is /big_test/c
[cloudfs_mkdir]:	 pathname: /big_test/c
[get_path_s]	 pathname is /big_test/c
[mkdir] path_s is /home/student/mnt/ssd/big_test/c
[cloudfs_getattr_node]:	 pathname: /big_test/c
[get_path_s]	 pathname is /big_test/c
[get_loc]: 	/home/student/mnt/ssd/big_test/c loc is 0
[cloudfs_getattr_node]:	file /big_test/c have size: 4096
[cloudfs_getattr_node]:	 pathname: /big_test/c/big5
[get_path_s]	 pathname is /big_test/c/big5
[cloudfs_mknod]:	 pathname: /big_test/c/big5
[get_path_s]	 pathname is /big_test/c/big5
[set_loc]: 	set loc of /home/student/mnt/ssd/big_test/c/big5 as 0
[set_dirty]: 	set isdirty of /home/student/mnt/ssd/big_test/c/big5 as 0
[cloudfs_getattr_node]:	 pathname: /big_test/c/big5
[get_path_s]	 pathname is /big_test/c/big5
[get_loc]: 	/home/student/mnt/ssd/big_test/c/big5 loc is 0
[cloudfs_getattr_node]:	file /big_test/c/big5 have size: 0
[cloudfs_open]:	 pathname: /big_test/c/big5
[get_path_s]	 pathname is /big_test/c/big5
[get_loc]: 	/home/student/mnt/ssd/big_test/c/big5 loc is 0
[cloudfs_open]:	 opening /home/student/mnt/ssd/big_test/c/big5
[cloudfs_getxattr]:	 pathname: /big_test/c/big5
[get_path_s]	 pathname is /big_test/c/big5
[cloudfs_getxattr] path_s : /home/student/mnt/ssd/big_test/c/big5	 name : security.capability 	size : 0
[CloudFS Error]: getxattr failed 	[ERRNO]: 61: No data available
[mydedup_write]:	 pathname: /big_test/c/big5	 offset: 0
[get_path_s]	 pathname is /big_test/c/big5
[get_loc]: 	/home/student/mnt/ssd/big_test/c/big5 loc is 0
[mydedup_write]:	 pathname: /home/student/mnt/ssd/big_test/c/big5 is local
[cloudfs_write_node]:	 pathname: /big_test/c/big5
[get_path_s]	 pathname is /big_test/c/big5
[cloudfs_write_node]:	 pathname: /big_test/c/big5
[get_loc]: 	/home/student/mnt/ssd/big_test/c/big5 loc is 0
[mydedup_write]:	 pathname: /big_test/c/big5	 offset: 4096
[get_path_s]	 pathname is /big_test/c/big5
[get_loc]: 	/home/student/mnt/ssd/big_test/c/big5 loc is 0
[mydedup_write]:	 pathname: /home/student/mnt/ssd/big_test/c/big5 is local
[cloudfs_write_node]:	 pathname: /big_test/c/big5
[get_path_s]	 pathname is /big_test/c/big5
[cloudfs_write_node]:	 pathname: /big_test/c/big5
[get_loc]: 	/home/student/mnt/ssd/big_test/c/big5 loc is 0
[mydedup_write]:	 pathname: /big_test/c/big5	 offset: 8192
[get_path_s]	 pathname is /big_test/c/big5
[get_loc]: 	/home/student/mnt/ssd/big_test/c/big5 loc is 0
[mydedup_write]:	 pathname: /home/student/mnt/ssd/big_test/c/big5 is local
[cloudfs_write_node]:	 pathname: /big_test/c/big5
[get_path_s]	 pathname is /big_test/c/big5
[cloudfs_write_node]:	 pathname: /big_test/c/big5
[get_loc]: 	/home/student/mnt/ssd/big_test/c/big5 loc is 0
[cloudfs_getxattr]:	 pathname: /big_test/c/big5
[get_path_s]	 pathname is /big_test/c/big5
[cloudfs_getxattr] path_s : /home/student/mnt/ssd/big_test/c/big5	 name : security.capability 	size : 0
[CloudFS Error]: getxattr failed 	[ERRNO]: 61: No data available
[mydedup_write]:	 pathname: /big_test/c/big5	 offset: 8704
[get_path_s]	 pathname is /big_test/c/big5
[get_loc]: 	/home/student/mnt/ssd/big_test/c/big5 loc is 0
[mydedup_write]:	 pathname: /home/student/mnt/ssd/big_test/c/big5 is local
[cloudfs_write_node]:	 pathname: /big_test/c/big5
[get_path_s]	 pathname is /big_test/c/big5
[cloudfs_write_node]:	 pathname: /big_test/c/big5
[get_loc]: 	/home/student/mnt/ssd/big_test/c/big5 loc is 0
[mydedup_write]:	 pathname: /big_test/c/big5	 offset: 12288
[get_path_s]	 pathname is /big_test/c/big5
[get_loc]: 	/home/student/mnt/ssd/big_test/c/big5 loc is 0
[mydedup_write]:	 pathname: /home/student/mnt/ssd/big_test/c/big5 is local
[cloudfs_write_node]:	 pathname: /big_test/c/big5
[get_path_s]	 pathname is /big_test/c/big5
[cloudfs_write_node]:	 pathname: /big_test/c/big5
[get_loc]: 	/home/student/mnt/ssd/big_test/c/big5 loc is 0
[mydedup_write]:	 pathname: /big_test/c/big5	 offset: 16384
[get_path_s]	 pathname is /big_test/c/big5
[get_loc]: 	/home/student/mnt/ssd/big_test/c/big5 loc is 0
[mydedup_write]:	 pathname: /home/student/mnt/ssd/big_test/c/big5 is local
[cloudfs_write_node]:	 pathname: /big_test/c/big5
[get_path_s]	 pathname is /big_test/c/big5
[cloudfs_write_node]:	 pathname: /big_test/c/big5
[get_loc]: 	/home/student/mnt/ssd/big_test/c/big5 loc is 0
[mydedup_segmentation]: /home/student/mnt/ssd/big_test/c/big5


[mydedup_segmentation]: _____________________________________
[mydedup_segmentation]: 6144 5a53ca0e70ad975388cf55d1ee653426
[mydedup_segmentation]: _____________________________________
[mydedup_segmentation]: 6144 5a53ca0e70ad975388cf55d1ee653426
[mydedup_segmentation]: _____________________________________
[mydedup_segmentation]: 6144 5a53ca0e70ad975388cf55d1ee653426
[mydedup_segmentation]: _____________________________________
51241b331f34137535b7228775936e7f3dd[mydedup_segmentation] number of seg is 4
[get_seg_proxy_path]: md5: 5a53ca0e70ad975388cf55d1ee653426	 tempseg_path:/home/student/mnt/ssd/.segproxy/5a53ca0e70ad975388cf55d1ee653426.segproxy
[mydedup_upload_segs] seg[0]->md5 = 5a53ca0e70ad975388cf55d1ee653426[mydedup_upload_segs]: opend /home/student/mnt/ssd/.segproxy/5a53ca0e70ad975388cf55d1ee653426.segproxy at 0x2203e90
[mydedup_upload_segs]: closed 0x2203e90
[set_ref]: 	set refcount of /home/student/mnt/ssd/.segproxy/5a53ca0e70ad975388cf55d1ee653426.segproxy as 1
[get_seg_proxy_path]: md5: 41b331f34137535b7228775936e7f3dd	 tempseg_path:/home/student/mnt/ssd/.segproxy/41b331f34137535b7228775936e7f3dd.segproxy
[mydedup_upload_segs] seg[1]->md5 = 41b331f34137535b7228775936e7f3dd[mydedup_upload_segs]: opend /home/student/mnt/ssd/.segproxy/41b331f34137535b7228775936e7f3dd.segproxy at 0x2203e90
[mydedup_upload_segs]: closed 0x2203e90
[set_ref]: 	set refcount of /home/student/mnt/ssd/.segproxy/41b331f34137535b7228775936e7f3dd.segproxy as 1
[get_seg_proxy_path]: md5: 41b331f34137535b7228775936e7f3dd	 tempseg_path:/home/student/mnt/ssd/.segproxy/41b331f34137535b7228775936e7f3dd.segproxy
[mydedup_upload_segs] seg[2]->md5 = 41b331f34137535b7228775936e7f3dd[get_ref]: 	/home/student/mnt/ssd/.segproxy/41b331f34137535b7228775936e7f3dd.segproxy ref_count is 1
[set_ref]: 	set refcount of /home/student/mnt/ssd/.segproxy/41b331f34137535b7228775936e7f3dd.segproxy as 2
[get_seg_proxy_path]: md5: 41b331f34137535b7228775936e7f3dd	 tempseg_path:/home/student/mnt/ssd/.segproxy/41b331f34137535b7228775936e7f3dd.segproxy
[mydedup_upload_segs] seg[3]->md5 = 41b331f34137535b7228775936e7f3dd[get_ref]: 	/home/student/mnt/ssd/.segproxy/41b331f34137535b7228775936e7f3dd.segproxy ref_count is 2
[set_ref]: 	set refcount of /home/student/mnt/ssd/.segproxy/41b331f34137535b7228775936e7f3dd.segproxy as 3
[mydedup_upload_segs]: closed 0x21e2220
[mydedup_upload_file]: opend /home/student/mnt/ssd/big_test/c/big5 at 0x21e2220
[mydedup_upload_file]: closed 0x21e2220
[clone_2_proxy]: save attr to /home/student/mnt/ssd/big_test/c/big5
[clone_2_proxy]: save size = 18944 to /home/student/mnt/ssd/big_test/c/big5
[cloudfs_getxattr]:	 pathname: /big_test/c/big5
[get_path_s]	 pathname is /big_test/c/big5
[cloudfs_getxattr] path_s : /home/student/mnt/ssd/big_test/c/big5	 name : security.capability 	size : 0
[CloudFS Error]: getxattr failed 	[ERRNO]: 61: No data available
[mydedup_write]:	 pathname: /big_test/c/big5	 offset: 18944
[get_path_s]	 pathname is /big_test/c/big5
[get_loc]: 	/home/student/mnt/ssd/big_test/c/big5 loc is 0
[mydedup_write]:	 pathname: /home/student/mnt/ssd/big_test/c/big5 is local
[cloudfs_write_node]:	 pathname: /big_test/c/big5
[get_path_s]	 pathname is /big_test/c/big5
[cloudfs_write_node]:	 pathname: /big_test/c/big5
[get_loc]: 	/home/student/mnt/ssd/big_test/c/big5 loc is 0
[mydedup_segmentation]: /home/student/mnt/ssd/big_test/c/big5


[mydedup_segmentation]: _____________________________________
[mydedup_segmentation]: 3072 3c29fbf48674b98506879fbb2d8674af
[mydedup_segmentation]: _____________________________________
[mydedup_segmentation]: 3072 d2a70550489de356a2cd6bfc40711204
[mydedup_segmentation]: _____________________________________
[mydedup_segmentation]: 3072 d2a70550489de356a2cd6bfc40711204
[mydedup_segmentation]: _____________________________________
[mydedup_segmentation]: 3072 d2a70550489de356a2cd6bfc40711204
[mydedup_segmentation]: _____________________________________
[mydedup_segmentation]: 3072 d2a70550489de356a2cd6bfc40711204
[mydedup_segmentation]: _____________________________________
[mydedup_segmentation]: 3072 d2a70550489de356a2cd6bfc40711204
[mydedup_segmentation]: _____________________________________
2048887511178b61b05a4d43d62e2e1ee9d3[mydedup_segmentation] number of seg is 7
[get_seg_proxy_path]: md5: 887511178b61b05a4d43d62e2e1ee9d3	 tempseg_path:/home/student/mnt/ssd/.segproxy/887511178b61b05a4d43d62e2e1ee9d3.segproxy
[mydedup_upload_segs] seg[0]->md5 = 887511178b61b05a4d43d62e2e1ee9d3[mydedup_upload_segs]: opend /home/student/mnt/ssd/.segproxy/887511178b61b05a4d43d62e2e1ee9d3.segproxy at 0x2204f70
[mydedup_upload_segs]: closed 0x2204f70
[set_ref]: 	set refcount of /home/student/mnt/ssd/.segproxy/887511178b61b05a4d43d62e2e1ee9d3.segproxy as 1
[get_seg_proxy_path]: md5: 887511178b61b05a4d43d62e2e1ee9d3	 tempseg_path:/home/student/mnt/ssd/.segproxy/887511178b61b05a4d43d62e2e1ee9d3.segproxy
[mydedup_upload_segs] seg[1]->md5 = 887511178b61b05a4d43d62e2e1ee9d3[get_ref]: 	/home/student/mnt/ssd/.segproxy/887511178b61b05a4d43d62e2e1ee9d3.segproxy ref_count is 1
[set_ref]: 	set refcount of /home/student/mnt/ssd/.segproxy/887511178b61b05a4d43d62e2e1ee9d3.segproxy as 2
[get_seg_proxy_path]: md5: 887511178b61b05a4d43d62e2e1ee9d3	 tempseg_path:/home/student/mnt/ssd/.segproxy/887511178b61b05a4d43d62e2e1ee9d3.segproxy
[mydedup_upload_segs] seg[2]->md5 = 887511178b61b05a4d43d62e2e1ee9d3[get_ref]: 	/home/student/mnt/ssd/.segproxy/887511178b61b05a4d43d62e2e1ee9d3.segproxy ref_count is 2
[set_ref]: 	set refcount of /home/student/mnt/ssd/.segproxy/887511178b61b05a4d43d62e2e1ee9d3.segproxy as 3
[get_seg_proxy_path]: md5: 887511178b61b05a4d43d62e2e1ee9d3	 tempseg_path:/home/student/mnt/ssd/.segproxy/887511178b61b05a4d43d62e2e1ee9d3.segproxy
[mydedup_upload_segs] seg[3]->md5 = 887511178b61b05a4d43d62e2e1ee9d3[get_ref]: 	/home/student/mnt/ssd/.segproxy/887511178b61b05a4d43d62e2e1ee9d3.segproxy ref_count is 3
[set_ref]: 	set refcount of /home/student/mnt/ssd/.segproxy/887511178b61b05a4d43d62e2e1ee9d3.segproxy as 4
[get_seg_proxy_path]: md5: 887511178b61b05a4d43d62e2e1ee9d3	 tempseg_path:/home/student/mnt/ssd/.segproxy/887511178b61b05a4d43d62e2e1ee9d3.segproxy
[mydedup_upload_segs] seg[4]->md5 = 887511178b61b05a4d43d62e2e1ee9d3[get_ref]: 	/home/student/mnt/ssd/.segproxy/887511178b61b05a4d43d62e2e1ee9d3.segproxy ref_count is 4
[set_ref]: 	set refcount of /home/student/mnt/ssd/.segproxy/887511178b61b05a4d43d62e2e1ee9d3.segproxy as 5
[get_seg_proxy_path]: md5: 887511178b61b05a4d43d62e2e1ee9d3	 tempseg_path:/home/student/mnt/ssd/.segproxy/887511178b61b05a4d43d62e2e1ee9d3.segproxy
[mydedup_upload_segs] seg[5]->md5 = 887511178b61b05a4d43d62e2e1ee9d3[get_ref]: 	/home/student/mnt/ssd/.segproxy/887511178b61b05a4d43d62e2e1ee9d3.segproxy ref_count is 5
[set_ref]: 	set refcount of /home/student/mnt/ssd/.segproxy/887511178b61b05a4d43d62e2e1ee9d3.segproxy as 6
[get_seg_proxy_path]: md5: 887511178b61b05a4d43d62e2e1ee9d3	 tempseg_path:/home/student/mnt/ssd/.segproxy/887511178b61b05a4d43d62e2e1ee9d3.segproxy
[mydedup_upload_segs] seg[6]->md5 = 887511178b61b05a4d43d62e2e1ee9d3[get_ref]: 	/home/student/mnt/ssd/.segproxy/887511178b61b05a4d43d62e2e1ee9d3.segproxy ref_count is 6
[set_ref]: 	set refcount of /home/student/mnt/ssd/.segproxy/887511178b61b05a4d43d62e2e1ee9d3.segproxy as 7
[mydedup_upload_segs]: closed 0x21e2270
[mydedup_upload_file]: opend /home/student/mnt/ssd/big_test/c/big5 at 0x21e2270
[mydedup_upload_file]: closed 0x21e2270
[clone_2_proxy]: save attr to /home/student/mnt/ssd/big_test/c/big5
[clone_2_proxy]: save size = 20480 to /home/student/mnt/ssd/big_test/c/big5
[mydedup_write]:	 pathname: /big_test/c/big5	 offset: 20480
[get_path_s]	 pathname is /big_test/c/big5
[get_loc]: 	/home/student/mnt/ssd/big_test/c/big5 loc is 0
[mydedup_write]:	 pathname: /home/student/mnt/ssd/big_test/c/big5 is local
[cloudfs_write_node]:	 pathname: /big_test/c/big5
[get_path_s]	 pathname is /big_test/c/big5
[cloudfs_write_node]:	 pathname: /big_test/c/big5
[get_loc]: 	/home/student/mnt/ssd/big_test/c/big5 loc is 0
[mydedup_segmentation]: /home/student/mnt/ssd/big_test/c/big5


[mydedup_segmentation]: _____________________________________
[mydedup_segmentation]: 3072 837d0ef1b50d3fe701be79673087f93a
[mydedup_segmentation]: _____________________________________
[mydedup_segmentation]: 3072 d2a70550489de356a2cd6bfc40711204
[mydedup_segmentation]: _____________________________________
[mydedup_segmentation]: 3072 d2a70550489de356a2cd6bfc40711204
[mydedup_segmentation]: _____________________________________
[mydedup_segmentation]: 3072 d2a70550489de356a2cd6bfc40711204
[mydedup_segmentation]: _____________________________________
[mydedup_segmentation]: 3072 d2a70550489de356a2cd6bfc40711204
[mydedup_segmentation]: _____________________________________
[mydedup_segmentation]: 3072 d2a70550489de356a2cd6bfc40711204
[mydedup_segmentation]: _____________________________________
[mydedup_segmentation]: 6144 e47156d7e453d5f49f4473fdd995c713
[mydedup_segmentation]: _____________________________________
[mydedup_segmentation] number of seg is 7
[get_seg_proxy_path]: md5: e47156d7e453d5f49f4473fdd995c713	 tempseg_path:/home/student/mnt/ssd/.segproxy/e47156d7e453d5f49f4473fdd995c713.segproxy
[mydedup_upload_segs] seg[0]->md5 = e47156d7e453d5f49f4473fdd995c713[mydedup_upload_segs]: opend /home/student/mnt/ssd/.segproxy/e47156d7e453d5f49f4473fdd995c713.segproxy at 0x2204f70
[mydedup_upload_segs]: closed 0x2204f70
[set_ref]: 	set refcount of /home/student/mnt/ssd/.segproxy/e47156d7e453d5f49f4473fdd995c713.segproxy as 1
[get_seg_proxy_path]: md5: t/e47156d7e453d5f49f4473fdd995c713ibs3 2.0; Linux x86_6	 tempseg_path:/home/student/mnt/ssd/.segproxy/t/e47156d7e453d5f49f4473fdd995c713ibs3 2.0; Linux x86_6.segproxy
[mydedup_upload_segs] seg[1]->md5 = t/e47156d7e453d5f49f4473fdd995c713ibs3 2.0; Linux x86_6[mydedup_upload_segs]: opend /home/student/mnt/ssd/.segproxy/t/e47156d7e453d5f49f4473fdd995c713ibs3 2.0; Linux x86_6.segproxy at (nil)
[mydedup_upload_segs]: closed (nil)
